<?xml version="1.0" encoding="UTF-8"?>
<!-- Generated by org.testng.reporters.JUnitReportReporter -->
<testsuite skipped="0" hostname="DESKTOP-13HAGVF" name="testngg.DemoB" tests="1" failures="0" timestamp="16 Dec 2019 13:47:45 GMT" time="0.015" errors="0">
  <testcase name="testB" time="0.015" classname="testngg.DemoB"/>
</testsuite> <!-- testngg.DemoB -->
