<?xml version="1.0" encoding="UTF-8"?>
<!-- Generated by org.testng.reporters.JUnitReportReporter -->
<testsuite skipped="0" hostname="DESKTOP-13HAGVF" name="testngg.DemoA" tests="10" failures="0" timestamp="16 Dec 2019 14:31:54 GMT" time="0.015" errors="0">
  <testcase name="testModA" time="0.000" classname="testngg.DemoA"/>
  <testcase name="testModA" time="0.015" classname="testngg.DemoA"/>
  <testcase name="testModA" time="0.000" classname="testngg.DemoA"/>
  <testcase name="testModA" time="0.000" classname="testngg.DemoA"/>
  <testcase name="testModA" time="0.000" classname="testngg.DemoA"/>
  <testcase name="testModA" time="0.000" classname="testngg.DemoA"/>
  <testcase name="testModA" time="0.000" classname="testngg.DemoA"/>
  <testcase name="testModA" time="0.000" classname="testngg.DemoA"/>
  <testcase name="testModA" time="0.000" classname="testngg.DemoA"/>
  <testcase name="testModA" time="0.000" classname="testngg.DemoA"/>
</testsuite> <!-- testngg.DemoA -->
