<?xml version="1.0" encoding="UTF-8"?>
<!-- Generated by org.testng.reporters.JUnitReportReporter -->
<testsuite skipped="0" hostname="DESKTOP-13HAGVF" name="test.SeleniumGrid" tests="2" failures="0" timestamp="20 Dec 2019 13:52:03 GMT" time="43.084" errors="0">
  <testcase name="testGrid" time="22.719" classname="test.SeleniumGrid"/>
  <testcase name="testGrid" time="20.365" classname="test.SeleniumGrid"/>
</testsuite> <!-- test.SeleniumGrid -->
