<?xml version="1.0" encoding="UTF-8"?>
<!-- Generated by org.testng.reporters.JUnitReportReporter -->
<testsuite skipped="0" hostname="DESKTOP-13HAGVF" name="test.Prop" tests="1" failures="0" timestamp="20 Dec 2019 14:15:30 GMT" time="22.447" errors="0">
  <testcase name="getData" time="22.447" classname="test.Prop"/>
</testsuite> <!-- test.Prop -->
