<?xml version="1.0" encoding="UTF-8"?>
<!-- Generated by org.testng.reporters.JUnitReportReporter -->
<testsuite skipped="0" hostname="DESKTOP-13HAGVF" name="testngg.DemoGroups" tests="2" failures="0" timestamp="18 Dec 2019 14:14:57 GMT" time="0.000" errors="0">
  <testcase name="testD" time="0.000" classname="testngg.DemoGroups"/>
  <testcase name="testZ" time="0.000" classname="testngg.DemoGroups"/>
</testsuite> <!-- testngg.DemoGroups -->
