<?xml version="1.0" encoding="UTF-8"?>
<!-- Generated by org.testng.reporters.JUnitReportReporter -->
<testsuite skipped="0" hostname="DESKTOP-13HAGVF" name="testngg.NewTest" tests="1" failures="0" timestamp="16 Dec 2019 13:56:52 GMT" time="0.016" errors="0">
  <testcase name="f" time="0.016" classname="testngg.NewTest"/>
</testsuite> <!-- testngg.NewTest -->
